<?xml version="1.0" encoding="UTF-8"?>
<!-- Generated by org.testng.reporters.JUnitReportReporter -->
<testsuite hostname="LTIN511453" failures="0" tests="2" name="testClasses.TC_02_findingHospitals" time="4.203" errors="0" timestamp="2024-04-02T18:10:22 IST" skipped="0">
  <testcase classname="testClasses.TC_02_findingHospitals" name="navigateToSurgeries" time="1.368"/>
  <testcase classname="testClasses.TC_02_findingHospitals" name="getSurgeriesList" time="2.835"/>
</testsuite> <!-- testClasses.TC_02_findingHospitals -->
