<?xml version="1.0" encoding="UTF-8"?>
<!-- Generated by org.testng.reporters.JUnitReportReporter -->
<testsuite hostname="LTIN511453" failures="0" tests="2" name="testClasses.TC_03_findingHospitals" time="4.644" errors="0" timestamp="2024-04-02T18:10:22 IST" skipped="0">
  <testcase classname="testClasses.TC_03_findingHospitals" name="navigateToCorporate" time="0.192"/>
  <testcase classname="testClasses.TC_03_findingHospitals" name="navigateToDemo" time="4.452"/>
</testsuite> <!-- testClasses.TC_03_findingHospitals -->
