<?xml version="1.0" encoding="UTF-8"?>
<!-- Generated by org.testng.reporters.JUnitReportReporter -->
<testsuite hostname="LTIN511453" failures="0" tests="5" name="testClasses.TC_06_findingHospitals" time="1.232" errors="0" timestamp="2024-04-02T18:10:22 IST" skipped="0">
  <testcase classname="testClasses.TC_06_findingHospitals" name="verifyingEmailUsingInvalidInput" time="0.166"/>
  <testcase classname="testClasses.TC_06_findingHospitals" name="verifyingEmailUsingInvalidInput_1" time="0.173"/>
  <testcase classname="testClasses.TC_06_findingHospitals" name="verifyingEmailUsingInvalidInput_2" time="0.300"/>
  <testcase classname="testClasses.TC_06_findingHospitals" name="verifyingEmailUsingInvalidInput_3" time="0.278"/>
  <testcase classname="testClasses.TC_06_findingHospitals" name="verifyingEmailUsingValidInput" time="0.315"/>
</testsuite> <!-- testClasses.TC_06_findingHospitals -->
