<?xml version="1.0" encoding="UTF-8"?>
<!-- Generated by org.testng.reporters.JUnitReportReporter -->
<testsuite hostname="LTIN511453" failures="0" tests="3" name="testClasses.TC_01_findingHospitals" time="19.710" errors="0" timestamp="2024-04-02T18:10:22 IST" skipped="0">
  <testcase classname="testClasses.TC_01_findingHospitals" name="search" time="1.143"/>
  <testcase classname="testClasses.TC_01_findingHospitals" name="filter" time="17.324"/>
  <testcase classname="testClasses.TC_01_findingHospitals" name="getDoctorsData" time="1.243"/>
</testsuite> <!-- testClasses.TC_01_findingHospitals -->
