<?xml version="1.0" encoding="UTF-8"?>
<!-- Generated by org.testng.reporters.JUnitReportReporter -->
<testsuite hostname="LTIN511453" failures="0" tests="3" name="testClasses.TC_04_findingHospitals" time="0.965" errors="0" timestamp="2024-04-02T18:10:22 IST" skipped="0">
  <testcase classname="testClasses.TC_04_findingHospitals" name="verifyingPhoneFieldUsingInvalidMobileNumberFormat" time="0.460"/>
  <testcase classname="testClasses.TC_04_findingHospitals" name="verifyingPhoneFieldUsingBVA" time="0.261"/>
  <testcase classname="testClasses.TC_04_findingHospitals" name="verifyingPhoneFieldUsingBVA_1" time="0.244"/>
</testsuite> <!-- testClasses.TC_04_findingHospitals -->
